{
  "RSpec": {
    "coverage": {
      "/home/dany/SE/SE_RSA/spec/RSA_spec.rb": [
        null,
        1,
        1,
        1,
        null,
        null,
        1,
        null,
        1,
        null,
        1,
        null,
        null,
        1,
        null,
        null,
        1,
        null,
        1,
        null,
        1,
        null,
        null,
        1,
        1,
        null,
        1,
        null,
        null,
        1,
        1,
        null,
        1,
        null,
        null,
        1,
        1,
        null,
        1,
        null,
        null,
        1,
        1,
        null,
        1,
        null,
        null
      ],
      "/home/dany/SE/SE_RSA/lib/RSA.rb": [
        1,
        null,
        1,
        1,
        null,
        5,
        5,
        5,
        null,
        null,
        1,
        null,
        17,
        null,
        null,
        1,
        17,
        null,
        null,
        null,
        1,
        1,
        null,
        null,
        null,
        1,
        null,
        3,
        3,
        3,
        3,
        0,
        null,
        null,
        3,
        null,
        3,
        null,
        3,
        3,
        83223,
        23805,
        null,
        null,
        3,
        3,
        null,
        3,
        66210,
        3,
        3,
        null,
        null,
        null,
        3,
        3,
        null,
        null,
        null,
        1,
        null,
        2,
        null,
        2,
        16,
        16,
        16,
        null,
        null,
        2,
        null,
        null,
        1,
        null,
        null,
        1,
        null,
        1,
        8,
        8,
        null,
        null,
        1,
        null,
        null
      ]
    },
    "timestamp": 1516004480
  }
}
